#
# There is insufficient memory for the Java Runtime Environment to continue.
# Native memory allocation (malloc) failed to allocate 2164192 bytes for Chunk::new
# Possible reasons:
#   The system is out of physical RAM or swap space
#   In 32 bit mode, the process size limit was hit
# Possible solutions:
#   Reduce memory load on the system
#   Increase physical memory or swap space
#   Check if swap backing store is full
#   Use 64 bit Java on a 64 bit OS
#   Decrease Java heap size (-Xmx/-Xms)
#   Decrease number of Java threads
#   Decrease Java thread stack sizes (-Xss)
#   Set larger code cache with -XX:ReservedCodeCacheSize=
# This output file may be truncated or incomplete.
#
#  Out of Memory Error (allocation.cpp:390), pid=6576, tid=0x0000000000005ca8
#
# JRE version: OpenJDK Runtime Environment (8.0_152-b01) (build 1.8.0_152-release-915-b01)
# Java VM: OpenJDK 64-Bit Server VM (25.152-b01 mixed mode windows-amd64 compressed oops)
# Failed to write core dump. Minidumps are not enabled by default on client versions of Windows
#

---------------  T H R E A D  ---------------

Current thread (0x000000001672c000):  JavaThread "C2 CompilerThread1" daemon [_thread_in_native, id=23720, stack(0x00000000181a0000,0x00000000182a0000)]

Stack: [0x00000000181a0000,0x00000000182a0000]
[error occurred during error reporting (printing stack bounds), id 0xc0000005]

Native frames: (J=compiled Java code, j=interpreted, Vv=VM code, C=native code)


Current CompileTask:
C2:   9236 4208       4       org.gradle.model.internal.type.ModelType::wrap (219 bytes)


---------------  P R O C E S S  ---------------

Java Threads: ( => current thread )
  0x000000001aba6000 JavaThread "Memory manager" [_thread_blocked, id=2828, stack(0x0000000021b10000,0x0000000021c10000)]
  0x000000001aba5000 JavaThread "pool-1-thread-1" [_thread_blocked, id=19892, stack(0x0000000021810000,0x0000000021910000)]
  0x000000001aba2000 JavaThread "build operations Thread 4" [_thread_blocked, id=20692, stack(0x0000000021310000,0x0000000021410000)]
  0x000000001aba3000 JavaThread "build operations Thread 3" [_thread_blocked, id=236, stack(0x0000000021210000,0x0000000021310000)]
  0x000000001aba4800 JavaThread "build operations Thread 2" [_thread_blocked, id=10104, stack(0x0000000020df0000,0x0000000020ef0000)]
  0x000000001aba1800 JavaThread "build operations" [_thread_blocked, id=23356, stack(0x000000001e460000,0x000000001e560000)]
  0x000000001aba3800 JavaThread "Cache worker for Artifact transforms cache (C:\Users\jingz\.gradle\caches\transforms-1)" [_thread_blocked, id=25872, stack(0x000000001d2c0000,0x000000001d3c0000)]
  0x0000000019d25000 JavaThread "Cache worker for file hash cache (E:\work_project\july\morwechat\.gradle\4.1\fileHashes)" [_thread_blocked, id=1412, stack(0x000000001bdf0000,0x000000001bef0000)]
  0x0000000019942800 JavaThread "File lock request listener" [_thread_in_native, id=8332, stack(0x000000001bcf0000,0x000000001bdf0000)]
  0x0000000019a8e800 JavaThread "Cache worker for file hash cache (C:\Users\jingz\.gradle\caches\4.1\fileHashes)" [_thread_blocked, id=18116, stack(0x000000001bbf0000,0x000000001bcf0000)]
  0x00000000194ff800 JavaThread "Stdin handler" [_thread_blocked, id=26972, stack(0x000000001a920000,0x000000001aa20000)]
  0x00000000194fe800 JavaThread "Asynchronous log dispatcher for DefaultDaemonConnection: socket connection from /127.0.0.1:64923 to /127.0.0.1:64924" [_thread_blocked, id=20768, stack(0x000000001a820000,0x000000001a920000)]
  0x00000000194fd800 JavaThread "Daemon worker" [_thread_in_vm, id=19824, stack(0x000000001a720000,0x000000001a820000)]
  0x00000000194fc800 JavaThread "Cancel handler" [_thread_blocked, id=26004, stack(0x000000001a620000,0x000000001a720000)]
  0x00000000192c8800 JavaThread "Handler for socket connection from /127.0.0.1:64923 to /127.0.0.1:64924" [_thread_in_native, id=24808, stack(0x000000001a320000,0x000000001a420000)]
  0x00000000192c5800 JavaThread "Daemon" [_thread_blocked, id=13484, stack(0x000000001a220000,0x000000001a320000)]
  0x0000000019705000 JavaThread "Daemon periodic checks" [_thread_blocked, id=20080, stack(0x000000001a120000,0x000000001a220000)]
  0x000000001985c000 JavaThread "Incoming local TCP Connector on port 64923" [_thread_in_native, id=176, stack(0x0000000019f70000,0x000000001a070000)]
  0x0000000017b18000 JavaThread "Service Thread" daemon [_thread_blocked, id=20496, stack(0x00000000183a0000,0x00000000184a0000)]
  0x0000000017aac800 JavaThread "C1 CompilerThread2" daemon [_thread_blocked, id=22804, stack(0x00000000182a0000,0x00000000183a0000)]
=>0x000000001672c000 JavaThread "C2 CompilerThread1" daemon [_thread_in_native, id=23720, stack(0x00000000181a0000,0x00000000182a0000)]
  0x0000000016729800 JavaThread "C2 CompilerThread0" daemon [_thread_in_native, id=22948, stack(0x00000000180a0000,0x00000000181a0000)]
  0x00000000166c8000 JavaThread "Attach Listener" daemon [_thread_blocked, id=29204, stack(0x0000000017fa0000,0x00000000180a0000)]
  0x00000000166e4800 JavaThread "Signal Dispatcher" daemon [_thread_blocked, id=19260, stack(0x0000000017ea0000,0x0000000017fa0000)]
  0x00000000166b8800 JavaThread "Finalizer" daemon [_thread_blocked, id=24048, stack(0x0000000017940000,0x0000000017a40000)]
  0x0000000002d53000 JavaThread "Reference Handler" daemon [_thread_blocked, id=5300, stack(0x0000000017840000,0x0000000017940000)]
  0x00000000028fe000 JavaThread "main" [_thread_blocked, id=27852, stack(0x00000000027b0000,0x00000000028b0000)]

Other Threads:
  0x0000000016694800 VMThread [stack: 0x0000000017740000,0x0000000017840000] [id=24832]
  0x0000000017b1b000 WatcherThread [stack: 0x00000000184a0000,0x00000000185a0000] [id=15540]

VM state:not at safepoint (normal execution)

VM Mutex/Monitor currently owned by a thread: None

Heap:
 PSYoungGen      total 144384K, used 49657K [0x00000000e0000000, 0x00000000e9980000, 0x0000000100000000)
  eden space 132608K, 29% used [0x00000000e0000000,0x00000000e26a4cf8,0x00000000e8180000)
  from space 11776K, 85% used [0x00000000e8e00000,0x00000000e97d9a88,0x00000000e9980000)
  to   space 12288K, 0% used [0x00000000e8180000,0x00000000e8180000,0x00000000e8d80000)
 ParOldGen       total 66048K, used 16405K [0x00000000a0000000, 0x00000000a4080000, 0x00000000e0000000)
  object space 66048K, 24% used [0x00000000a0000000,0x00000000a10054c0,0x00000000a4080000)
 Metaspace       used 43749K, capacity 44846K, committed 45144K, reserved 1087488K
  class space    used 5866K, capacity 6216K, committed 6272K, reserved 1048576K

Card table byte_map: [0x0000000012120000,0x0000000012430000] byte_map_base: 0x0000000011c20000

Marking Bits: (ParMarkBitMap*) 0x000000005ba63950
 Begin Bits: [0x0000000012a30000, 0x0000000014230000)
 End Bits:   [0x0000000014230000, 0x0000000015a30000)

Polling page: 0x00000000007e0000

CodeCache: size=245760Kb used=14967Kb max_used=14967Kb free=230792Kb
 bounds [0x0000000002d60000, 0x0000000003c10000, 0x0000000011d60000]
 total_blobs=5087 nmethods=4359 adapters=641
 compilation: enabled

Compilation events (10 events):
Event: 9.223 Thread 0x0000000017aac800 4808       3       com.sun.xml.internal.bind.v2.model.annotation.RuntimeInlineAnnotationReader::hasFieldAnnotation (10 bytes)
Event: 9.224 Thread 0x0000000017aac800 nmethod 4808 0x0000000003c01990 code [0x0000000003c01b80, 0x0000000003c024b8]
Event: 9.224 Thread 0x0000000017aac800 4809       3       com.sun.xml.internal.bind.v2.model.annotation.RuntimeInlineAnnotationReader::hasFieldAnnotation (6 bytes)
Event: 9.224 Thread 0x0000000017aac800 nmethod 4809 0x0000000003c02a50 code [0x0000000003c02c20, 0x0000000003c03398]
Event: 9.225 Thread 0x0000000017aac800 4810       3       java.lang.reflect.AccessibleObject::getAnnotations (5 bytes)
Event: 9.225 Thread 0x0000000017aac800 nmethod 4810 0x0000000003c03810 code [0x0000000003c03980, 0x0000000003c03b88]
Event: 9.226 Thread 0x0000000017aac800 4811       3       com.sun.xml.internal.bind.v2.model.nav.ReflectionNavigator::isSameType (13 bytes)
Event: 9.227 Thread 0x0000000017aac800 nmethod 4811 0x0000000003c03c10 code [0x0000000003c03da0, 0x0000000003c042a8]
Event: 9.227 Thread 0x0000000017aac800 4812       3       java.util.TreeSet::add (22 bytes)
Event: 9.227 Thread 0x0000000017aac800 nmethod 4812 0x0000000003c04410 code [0x0000000003c04580, 0x0000000003c04808]

GC Heap History (10 events):
Event: 4.576 GC heap before
{Heap before GC invocations=6 (full 1):
 PSYoungGen      total 71680K, used 66560K [0x00000000e0000000, 0x00000000e4b00000, 0x0000000100000000)
  eden space 66560K, 100% used [0x00000000e0000000,0x00000000e4100000,0x00000000e4100000)
  from space 5120K, 0% used [0x00000000e4600000,0x00000000e4600000,0x00000000e4b00000)
  to   space 5120K, 0% used [0x00000000e4100000,0x00000000e4100000,0x00000000e4600000)
 ParOldGen       total 66048K, used 9078K [0x00000000a0000000, 0x00000000a4080000, 0x00000000e0000000)
  object space 66048K, 13% used [0x00000000a0000000,0x00000000a08ddb88,0x00000000a4080000)
 Metaspace       used 26007K, capacity 26594K, committed 26752K, reserved 1073152K
  class space    used 3522K, capacity 3702K, committed 3712K, reserved 1048576K
Event: 4.586 GC heap after
Heap after GC invocations=6 (full 1):
 PSYoungGen      total 71680K, used 5091K [0x00000000e0000000, 0x00000000e7280000, 0x0000000100000000)
  eden space 66560K, 0% used [0x00000000e0000000,0x00000000e0000000,0x00000000e4100000)
  from space 5120K, 99% used [0x00000000e4100000,0x00000000e45f8f68,0x00000000e4600000)
  to   space 10752K, 0% used [0x00000000e6800000,0x00000000e6800000,0x00000000e7280000)
 ParOldGen       total 66048K, used 11528K [0x00000000a0000000, 0x00000000a4080000, 0x00000000e0000000)
  object space 66048K, 17% used [0x00000000a0000000,0x00000000a0b422e8,0x00000000a4080000)
 Metaspace       used 26007K, capacity 26594K, committed 26752K, reserved 1073152K
  class space    used 3522K, capacity 3702K, committed 3712K, reserved 1048576K
}
Event: 6.021 GC heap before
{Heap before GC invocations=7 (full 1):
 PSYoungGen      total 71680K, used 71651K [0x00000000e0000000, 0x00000000e7280000, 0x0000000100000000)
  eden space 66560K, 100% used [0x00000000e0000000,0x00000000e4100000,0x00000000e4100000)
  from space 5120K, 99% used [0x00000000e4100000,0x00000000e45f8f68,0x00000000e4600000)
  to   space 10752K, 0% used [0x00000000e6800000,0x00000000e6800000,0x00000000e7280000)
 ParOldGen       total 66048K, used 11528K [0x00000000a0000000, 0x00000000a4080000, 0x00000000e0000000)
  object space 66048K, 17% used [0x00000000a0000000,0x00000000a0b422e8,0x00000000a4080000)
 Metaspace       used 30443K, capacity 31116K, committed 31360K, reserved 1077248K
  class space    used 4124K, capacity 4355K, committed 4480K, reserved 1048576K
Event: 6.033 GC heap after
Heap after GC invocations=7 (full 1):
 PSYoungGen      total 103424K, used 8170K [0x00000000e0000000, 0x00000000e7100000, 0x0000000100000000)
  eden space 94208K, 0% used [0x00000000e0000000,0x00000000e0000000,0x00000000e5c00000)
  from space 9216K, 88% used [0x00000000e6800000,0x00000000e6ffaac8,0x00000000e7100000)
  to   space 10752K, 0% used [0x00000000e5c00000,0x00000000e5c00000,0x00000000e6680000)
 ParOldGen       total 66048K, used 11600K [0x00000000a0000000, 0x00000000a4080000, 0x00000000e0000000)
  object space 66048K, 17% used [0x00000000a0000000,0x00000000a0b542f8,0x00000000a4080000)
 Metaspace       used 30443K, capacity 31116K, committed 31360K, reserved 1077248K
  class space    used 4124K, capacity 4355K, committed 4480K, reserved 1048576K
}
Event: 7.141 GC heap before
{Heap before GC invocations=8 (full 1):
 PSYoungGen      total 103424K, used 65949K [0x00000000e0000000, 0x00000000e7100000, 0x0000000100000000)
  eden space 94208K, 61% used [0x00000000e0000000,0x00000000e386ca00,0x00000000e5c00000)
  from space 9216K, 88% used [0x00000000e6800000,0x00000000e6ffaac8,0x00000000e7100000)
  to   space 10752K, 0% used [0x00000000e5c00000,0x00000000e5c00000,0x00000000e6680000)
 ParOldGen       total 66048K, used 11600K [0x00000000a0000000, 0x00000000a4080000, 0x00000000e0000000)
  object space 66048K, 17% used [0x00000000a0000000,0x00000000a0b542f8,0x00000000a4080000)
 Metaspace       used 34468K, capacity 35256K, committed 35416K, reserved 1079296K
  class space    used 4658K, capacity 4952K, committed 4992K, reserved 1048576K
Event: 7.156 GC heap after
Heap after GC invocations=8 (full 1):
 PSYoungGen      total 104960K, used 10043K [0x00000000e0000000, 0x00000000e9980000, 0x0000000100000000)
  eden space 94208K, 0% used [0x00000000e0000000,0x00000000e0000000,0x00000000e5c00000)
  from space 10752K, 93% used [0x00000000e5c00000,0x00000000e65cec20,0x00000000e6680000)
  to   space 11776K, 0% used [0x00000000e8e00000,0x00000000e8e00000,0x00000000e9980000)
 ParOldGen       total 66048K, used 11608K [0x00000000a0000000, 0x00000000a4080000, 0x00000000e0000000)
  object space 66048K, 17% used [0x00000000a0000000,0x00000000a0b562f8,0x00000000a4080000)
 Metaspace       used 34468K, capacity 35256K, committed 35416K, reserved 1079296K
  class space    used 4658K, capacity 4952K, committed 4992K, reserved 1048576K
}
Event: 7.156 GC heap before
{Heap before GC invocations=9 (full 2):
 PSYoungGen      total 104960K, used 10043K [0x00000000e0000000, 0x00000000e9980000, 0x0000000100000000)
  eden space 94208K, 0% used [0x00000000e0000000,0x00000000e0000000,0x00000000e5c00000)
  from space 10752K, 93% used [0x00000000e5c00000,0x00000000e65cec20,0x00000000e6680000)
  to   space 11776K, 0% used [0x00000000e8e00000,0x00000000e8e00000,0x00000000e9980000)
 ParOldGen       total 66048K, used 11608K [0x00000000a0000000, 0x00000000a4080000, 0x00000000e0000000)
  object space 66048K, 17% used [0x00000000a0000000,0x00000000a0b562f8,0x00000000a4080000)
 Metaspace       used 34468K, capacity 35256K, committed 35416K, reserved 1079296K
  class space    used 4658K, capacity 4952K, committed 4992K, reserved 1048576K
Event: 7.239 GC heap after
Heap after GC invocations=9 (full 2):
 PSYoungGen      total 104960K, used 0K [0x00000000e0000000, 0x00000000e9980000, 0x0000000100000000)
  eden space 94208K, 0% used [0x00000000e0000000,0x00000000e0000000,0x00000000e5c00000)
  from space 10752K, 0% used [0x00000000e5c00000,0x00000000e5c00000,0x00000000e6680000)
  to   space 11776K, 0% used [0x00000000e8e00000,0x00000000e8e00000,0x00000000e9980000)
 ParOldGen       total 66048K, used 16397K [0x00000000a0000000, 0x00000000a4080000, 0x00000000e0000000)
  object space 66048K, 24% used [0x00000000a0000000,0x00000000a10034c0,0x00000000a4080000)
 Metaspace       used 34468K, capacity 35256K, committed 35416K, reserved 1079296K
  class space    used 4658K, capacity 4952K, committed 4992K, reserved 1048576K
}
Event: 8.624 GC heap before
{Heap before GC invocations=10 (full 2):
 PSYoungGen      total 104960K, used 94208K [0x00000000e0000000, 0x00000000e9980000, 0x0000000100000000)
  eden space 94208K, 100% used [0x00000000e0000000,0x00000000e5c00000,0x00000000e5c00000)
  from space 10752K, 0% used [0x00000000e5c00000,0x00000000e5c00000,0x00000000e6680000)
  to   space 11776K, 0% used [0x00000000e8e00000,0x00000000e8e00000,0x00000000e9980000)
 ParOldGen       total 66048K, used 16397K [0x00000000a0000000, 0x00000000a4080000, 0x00000000e0000000)
  object space 66048K, 24% used [0x00000000a0000000,0x00000000a10034c0,0x00000000a4080000)
 Metaspace       used 41100K, capacity 42000K, committed 42328K, reserved 1085440K
  class space    used 5431K, capacity 5718K, committed 5760K, reserved 1048576K
Event: 8.646 GC heap after
Heap after GC invocations=10 (full 2):
 PSYoungGen      total 144384K, used 10086K [0x00000000e0000000, 0x00000000e9980000, 0x0000000100000000)
  eden space 132608K, 0% used [0x00000000e0000000,0x00000000e0000000,0x00000000e8180000)
  from space 11776K, 85% used [0x00000000e8e00000,0x00000000e97d9a88,0x00000000e9980000)
  to   space 12288K, 0% used [0x00000000e8180000,0x00000000e8180000,0x00000000e8d80000)
 ParOldGen       total 66048K, used 16405K [0x00000000a0000000, 0x00000000a4080000, 0x00000000e0000000)
  object space 66048K, 24% used [0x00000000a0000000,0x00000000a10054c0,0x00000000a4080000)
 Metaspace       used 41100K, capacity 42000K, committed 42328K, reserved 1085440K
  class space    used 5431K, capacity 5718K, committed 5760K, reserved 1048576K
}

Deoptimization events (10 events):
Event: 8.473 Thread 0x00000000194fd800 Uncommon trap: reason=unstable_if action=reinterpret pc=0x00000000038bd594 method=java.security.CodeSource.matchCerts(Ljava/security/CodeSource;Z)Z @ 11
Event: 8.877 Thread 0x00000000194fd800 Uncommon trap: reason=class_check action=maybe_recompile pc=0x000000000362b980 method=org.codehaus.groovy.runtime.metaclass.MetaMethodIndex.addMethodToList(Ljava/lang/Object;Lgroovy/lang/MetaMethod;)Ljava/lang/Object; @ 230
Event: 9.172 Thread 0x00000000194fd800 Uncommon trap: reason=class_check action=maybe_recompile pc=0x0000000003b4cb0c method=java.util.HashMap.removeNode(ILjava/lang/Object;Ljava/lang/Object;ZZ)Ljava/util/HashMap$Node; @ 143
Event: 9.172 Thread 0x00000000194fd800 Uncommon trap: reason=class_check action=maybe_recompile pc=0x0000000003b4cb0c method=java.util.HashMap.removeNode(ILjava/lang/Object;Ljava/lang/Object;ZZ)Ljava/util/HashMap$Node; @ 143
Event: 9.172 Thread 0x00000000194fd800 Uncommon trap: reason=class_check action=maybe_recompile pc=0x0000000003b4cb0c method=java.util.HashMap.removeNode(ILjava/lang/Object;Ljava/lang/Object;ZZ)Ljava/util/HashMap$Node; @ 143
Event: 9.172 Thread 0x00000000194fd800 Uncommon trap: reason=class_check action=maybe_recompile pc=0x0000000003b4cb0c method=java.util.HashMap.removeNode(ILjava/lang/Object;Ljava/lang/Object;ZZ)Ljava/util/HashMap$Node; @ 143
Event: 9.174 Thread 0x00000000194fd800 Uncommon trap: reason=bimorphic action=maybe_recompile pc=0x0000000003679d3c method=java.util.AbstractList$Itr.next()Ljava/lang/Object; @ 14
Event: 9.174 Thread 0x00000000194fd800 Uncommon trap: reason=bimorphic action=maybe_recompile pc=0x0000000003679d3c method=java.util.AbstractList$Itr.next()Ljava/lang/Object; @ 14
Event: 9.174 Thread 0x00000000194fd800 Uncommon trap: reason=bimorphic action=maybe_recompile pc=0x0000000003679d3c method=java.util.AbstractList$Itr.next()Ljava/lang/Object; @ 14
Event: 9.174 Thread 0x00000000194fd800 Uncommon trap: reason=bimorphic action=maybe_recompile pc=0x0000000003679d3c method=java.util.AbstractList$Itr.next()Ljava/lang/Object; @ 14

Classes redefined (0 events):
No events

Internal exceptions (10 events):
Event: 9.114 Thread 0x00000000194fd800 Exception <a 'sun/nio/fs/WindowsException'> (0x00000000e2185bb8) thrown at [D:\src\AOSP-openjdk-cygwin\jdk8u\hotspot\src\share\vm\prims\jni.cpp, line 709]
Event: 9.114 Thread 0x00000000194fd800 Exception <a 'sun/nio/fs/WindowsException'> (0x00000000e2186700) thrown at [D:\src\AOSP-openjdk-cygwin\jdk8u\hotspot\src\share\vm\prims\jni.cpp, line 709]
Event: 9.114 Thread 0x00000000194fd800 Exception <a 'sun/nio/fs/WindowsException'> (0x00000000e2188278) thrown at [D:\src\AOSP-openjdk-cygwin\jdk8u\hotspot\src\share\vm\prims\jni.cpp, line 709]
Event: 9.114 Thread 0x00000000194fd800 Exception <a 'sun/nio/fs/WindowsException'> (0x00000000e2188e00) thrown at [D:\src\AOSP-openjdk-cygwin\jdk8u\hotspot\src\share\vm\prims\jni.cpp, line 709]
Event: 9.118 Thread 0x00000000194fd800 Exception <a 'sun/nio/fs/WindowsException'> (0x00000000e21911e8) thrown at [D:\src\AOSP-openjdk-cygwin\jdk8u\hotspot\src\share\vm\prims\jni.cpp, line 709]
Event: 9.118 Thread 0x00000000194fd800 Exception <a 'sun/nio/fs/WindowsException'> (0x00000000e2191d20) thrown at [D:\src\AOSP-openjdk-cygwin\jdk8u\hotspot\src\share\vm\prims\jni.cpp, line 709]
Event: 9.118 Thread 0x00000000194fd800 Exception <a 'sun/nio/fs/WindowsException'> (0x00000000e2193898) thrown at [D:\src\AOSP-openjdk-cygwin\jdk8u\hotspot\src\share\vm\prims\jni.cpp, line 709]
Event: 9.118 Thread 0x00000000194fd800 Exception <a 'sun/nio/fs/WindowsException'> (0x00000000e2194408) thrown at [D:\src\AOSP-openjdk-cygwin\jdk8u\hotspot\src\share\vm\prims\jni.cpp, line 709]
Event: 9.127 Thread 0x00000000194fd800 Exception <a 'java/lang/ClassNotFoundException': com/sun/org/glassfish/hk2/osgiresourcelocator/ServiceLoader> (0x00000000e21e9f28) thrown at [D:\src\AOSP-openjdk-cygwin\jdk8u\hotspot\src\share\vm\classfile\systemDictionary.cpp, line 210]
Event: 9.134 Thread 0x00000000194fd800 Exception <a 'java/lang/NullPointerException'> (0x00000000e2226440) thrown at [D:\src\AOSP-openjdk-cygwin\jdk8u\hotspot\src\share\vm\interpreter\linkResolver.cpp, line 1282]

Events (10 events):
Event: 9.199 loading class com/sun/xml/internal/bind/v2/model/impl/AttributePropertyInfoImpl$1
Event: 9.199 loading class com/sun/xml/internal/bind/v2/model/impl/AttributePropertyInfoImpl$1 done
Event: 9.205 loading class com/sun/xml/internal/bind/v2/model/impl/RuntimeValuePropertyInfoImpl
Event: 9.205 loading class com/sun/xml/internal/bind/v2/model/runtime/RuntimeValuePropertyInfo
Event: 9.205 loading class com/sun/xml/internal/bind/v2/model/core/ValuePropertyInfo
Event: 9.205 loading class com/sun/xml/internal/bind/v2/model/core/ValuePropertyInfo done
Event: 9.205 loading class com/sun/xml/internal/bind/v2/model/runtime/RuntimeValuePropertyInfo done
Event: 9.205 loading class com/sun/xml/internal/bind/v2/model/impl/ValuePropertyInfoImpl
Event: 9.205 loading class com/sun/xml/internal/bind/v2/model/impl/ValuePropertyInfoImpl done
Event: 9.205 loading class com/sun/xml/internal/bind/v2/model/impl/RuntimeValuePropertyInfoImpl done


Dynamic libraries:
0x00007ff713360000 - 0x00007ff713391000 	C:\Program Files\Android\Android Studio\jre\bin\java.exe
0x00007ffda8d40000 - 0x00007ffda8f21000 	C:\WINDOWS\SYSTEM32\ntdll.dll
0x00007ffda8160000 - 0x00007ffda8212000 	C:\WINDOWS\System32\KERNEL32.DLL
0x00007ffda5c10000 - 0x00007ffda5e83000 	C:\WINDOWS\System32\KERNELBASE.dll
0x00007ffda6c00000 - 0x00007ffda6ca1000 	C:\WINDOWS\System32\ADVAPI32.dll
0x00007ffda8bd0000 - 0x00007ffda8c6e000 	C:\WINDOWS\System32\msvcrt.dll
0x00007ffda6ba0000 - 0x00007ffda6bfb000 	C:\WINDOWS\System32\sechost.dll
0x00007ffda8850000 - 0x00007ffda8974000 	C:\WINDOWS\System32\RPCRT4.dll
0x00007ffda83e0000 - 0x00007ffda8570000 	C:\WINDOWS\System32\USER32.dll
0x00007ffda5bf0000 - 0x00007ffda5c10000 	C:\WINDOWS\System32\win32u.dll
0x00007ffda61d0000 - 0x00007ffda61f8000 	C:\WINDOWS\System32\GDI32.dll
0x00007ffda5a50000 - 0x00007ffda5be2000 	C:\WINDOWS\System32\gdi32full.dll
0x00007ffda6130000 - 0x00007ffda61cf000 	C:\WINDOWS\System32\msvcp_win.dll
0x00007ffda5950000 - 0x00007ffda5a4a000 	C:\WINDOWS\System32\ucrtbase.dll
0x00007ffd9b0c0000 - 0x00007ffd9b329000 	C:\WINDOWS\WinSxS\amd64_microsoft.windows.common-controls_6595b64144ccf1df_6.0.17134.407_none_fb449d63306391e9\COMCTL32.dll
0x00007ffda6680000 - 0x00007ffda69a2000 	C:\WINDOWS\System32\combase.dll
0x00007ffda5110000 - 0x00007ffda518a000 	C:\WINDOWS\System32\bcryptPrimitives.dll
0x00007ffda6650000 - 0x00007ffda667d000 	C:\WINDOWS\System32\IMM32.DLL
0x000000005a390000 - 0x000000005a462000 	C:\Program Files\Android\Android Studio\jre\jre\bin\msvcr100.dll
0x000000005b2a0000 - 0x000000005bade000 	C:\Program Files\Android\Android Studio\jre\jre\bin\server\jvm.dll
0x00007ffda82e0000 - 0x00007ffda82e8000 	C:\WINDOWS\System32\PSAPI.DLL
0x00007ffd97e20000 - 0x00007ffd97e29000 	C:\WINDOWS\SYSTEM32\WSOCK32.dll
0x00007ffd983f0000 - 0x00007ffd98413000 	C:\WINDOWS\SYSTEM32\WINMM.dll
0x00007ffd9b5b0000 - 0x00007ffd9b5ba000 	C:\WINDOWS\SYSTEM32\VERSION.dll
0x00007ffda6cb0000 - 0x00007ffda6d1c000 	C:\WINDOWS\System32\WS2_32.dll
0x00007ffd983c0000 - 0x00007ffd983ea000 	C:\WINDOWS\SYSTEM32\winmmbase.dll
0x00007ffda60e0000 - 0x00007ffda6129000 	C:\WINDOWS\System32\cfgmgr32.dll
0x00007ffda0960000 - 0x00007ffda096f000 	C:\Program Files\Android\Android Studio\jre\jre\bin\verify.dll
0x00007ffd9fdb0000 - 0x00007ffd9fdd9000 	C:\Program Files\Android\Android Studio\jre\jre\bin\java.dll
0x00007ffd9fe30000 - 0x00007ffd9fe46000 	C:\Program Files\Android\Android Studio\jre\jre\bin\zip.dll
0x00007ffda6d20000 - 0x00007ffda815f000 	C:\WINDOWS\System32\SHELL32.dll
0x00007ffda8740000 - 0x00007ffda87e9000 	C:\WINDOWS\System32\shcore.dll
0x00007ffda5240000 - 0x00007ffda594d000 	C:\WINDOWS\System32\windows.storage.dll
0x00007ffda8280000 - 0x00007ffda82d1000 	C:\WINDOWS\System32\shlwapi.dll
0x00007ffda50f0000 - 0x00007ffda5101000 	C:\WINDOWS\System32\kernel.appcore.dll
0x00007ffda50b0000 - 0x00007ffda50cf000 	C:\WINDOWS\System32\profapi.dll
0x00007ffda5060000 - 0x00007ffda50ac000 	C:\WINDOWS\System32\powrprof.dll
0x00007ffda5050000 - 0x00007ffda505a000 	C:\WINDOWS\System32\FLTLIB.DLL
0x00007ffd9fdf0000 - 0x00007ffd9fe0a000 	C:\Program Files\Android\Android Studio\jre\jre\bin\net.dll
0x00007ffda4870000 - 0x00007ffda48d6000 	C:\WINDOWS\system32\mswsock.dll
0x00007ffd9fcf0000 - 0x00007ffd9fd01000 	C:\Program Files\Android\Android Studio\jre\jre\bin\nio.dll
0x00007ffd9b6c0000 - 0x00007ffd9b6de000 	C:\Users\jingz\.gradle\native\25\windows-amd64\native-platform.dll
0x00007ffda0240000 - 0x00007ffda024d000 	C:\Program Files\Android\Android Studio\jre\jre\bin\management.dll
0x00007ffda4a30000 - 0x00007ffda4a47000 	C:\WINDOWS\SYSTEM32\CRYPTSP.dll
0x00007ffda4450000 - 0x00007ffda4483000 	C:\WINDOWS\system32\rsaenh.dll
0x00007ffda4bb0000 - 0x00007ffda4bd5000 	C:\WINDOWS\SYSTEM32\bcrypt.dll
0x00007ffda4f80000 - 0x00007ffda4fa8000 	C:\WINDOWS\SYSTEM32\USERENV.dll
0x00007ffda4a20000 - 0x00007ffda4a2b000 	C:\WINDOWS\SYSTEM32\CRYPTBASE.dll
0x00007ffda45f0000 - 0x00007ffda4628000 	C:\WINDOWS\SYSTEM32\IPHLPAPI.DLL
0x00007ffda6b10000 - 0x00007ffda6b18000 	C:\WINDOWS\System32\NSI.dll
0x00007ffd9d5c0000 - 0x00007ffd9d5d6000 	C:\WINDOWS\SYSTEM32\dhcpcsvc6.DLL
0x00007ffd9d930000 - 0x00007ffd9d94a000 	C:\WINDOWS\SYSTEM32\dhcpcsvc.DLL

VM Arguments:
jvm_args: -Xmx1536m -Dfile.encoding=GBK -Duser.country=CN -Duser.language=zh -Duser.variant 
java_command: org.gradle.launcher.daemon.bootstrap.GradleDaemon 4.1
java_class_path (initial): C:\Users\jingz\.gradle\wrapper\dists\gradle-4.1-all\bzyivzo6n839fup2jbap0tjew\gradle-4.1\lib\gradle-launcher-4.1.jar
Launcher Type: SUN_STANDARD

Environment Variables:
JAVA_HOME=C:\Program Files\Java\jdk1.8.0_152
PATH=C:\ProgramData\Oracle\Java\javapath;C:\Program Files (x86)\Intel\iCLS Client\;C:\Program Files\Intel\iCLS Client\;C:\WINDOWS\system32;C:\WINDOWS;C:\WINDOWS\System32\Wbem;C:\WINDOWS\System32\WindowsPowerShell\v1.0\;C:\Program Files (x86)\Intel\Intel(R) Management Engine Components\DAL;C:\Program Files\Intel\Intel(R) Management Engine Components\DAL;C:\Program Files (x86)\Intel\Intel(R) Management Engine Components\IPT;C:\Program Files\Intel\Intel(R) Management Engine Components\IPT;%JAVA_HOME%\bin;D:\Program Files\Git\cmd;C:\WINDOWS\System32\OpenSSH\;C:\Program Files\Intel\WiFi\bin\;C:\Program Files\Common Files\Intel\WirelessCommon\;C:\Users\jingz\AppData\Local\Microsoft\WindowsApps;D:\Program Files\Git\bin;C:\Gradle\gradle-4.6\bin;C:\Users\jingz\AppData\Local\Android\Sdk\platform-tools;
USERNAME=xinhuashi
OS=Windows_NT
PROCESSOR_IDENTIFIER=Intel64 Family 6 Model 142 Stepping 9, GenuineIntel



---------------  S Y S T E M  ---------------

OS: Windows 10.0 , 64 bit Build 17134 (10.0.17134.1)

CPU:total 4 (initial active 4) (2 cores per cpu, 2 threads per core) family 6 model 142 stepping 9, cmov, cx8, fxsr, mmx, sse, sse2, sse3, ssse3, sse4.1, sse4.2, popcnt, avx, avx2, aes, clmul, erms, 3dnowpref, lzcnt, ht, tsc, tscinvbit, bmi1, bmi2, adx

Memory: 4k page, physical 8284900k(493676k free), swap 21084896k(6576k free)

vm_info: OpenJDK 64-Bit Server VM (25.152-b01) for windows-amd64 JRE (1.8.0_152-release-915-b01), built by "builder" with MS VC++ 10.0 (VS2010)

time: Wed Dec 05 17:54:07 2018
elapsed time: 9 seconds (0d 0h 0m 9s)

